Loaded 2 remote nodes
Node Node2 initialized on IP 127.0.0.2
Configuration: threads = 4, eventsPerThread = 20, remoteSendPercent = 30%
Failed to start server: Address already in use
Starting 4 worker threads with 20 events each
Thread-1 LOCAL: Event from Node2 to Node2 with timestamp 42
Thread-0 SENT: Event from Node2 to Node3 with timestamp 21
Thread-0 LOCAL: Event from Node2 to Node2 with timestamp 126
Thread-0 LOCAL: Event from Node2 to Node2 with timestamp 147
Thread-2 LOCAL: Event from Node2 to Node2 with timestamp 63
Thread-1 LOCAL: Event from Node2 to Node2 with timestamp 105
Thread-1 LOCAL: Event from Node2 to Node2 with timestamp 210
Thread-1 LOCAL: Event from Node2 to Node2 with timestamp 231
Thread-1 LOCAL: Event from Node2 to Node2 with timestamp 252
Thread-1 LOCAL: Event from Node2 to Node2 with timestamp 273
Thread-0 SENT: Event from Node2 to Node3 with timestamp 168
Thread-3 LOCAL: Event from Node2 to Node2 with timestamp 84
Thread-3 LOCAL: Event from Node2 to Node2 with timestamp 336
Thread-0 LOCAL: Event from Node2 to Node2 with timestamp 315
Thread-3 LOCAL: Event from Node2 to Node2 with timestamp 357
Thread-0 LOCAL: Event from Node2 to Node2 with timestamp 378
Thread-3 LOCAL: Event from Node2 to Node2 with timestamp 399
Thread-0 LOCAL: Event from Node2 to Node2 with timestamp 420
Thread-0 LOCAL: Event from Node2 to Node2 with timestamp 462
Thread-2 SENT: Event from Node2 to Node3 with timestamp 189
Thread-2 LOCAL: Event from Node2 to Node2 with timestamp 504
Thread-1 SENT: Event from Node2 to Node3 with timestamp 294
Thread-3 SENT: Event from Node2 to Node1 with timestamp 441
Thread-3 LOCAL: Event from Node2 to Node2 with timestamp 567
Thread-0 SENT: Event from Node2 to Node3 with timestamp 483
Thread-0 LOCAL: Event from Node2 to Node2 with timestamp 609
Thread-0 LOCAL: Event from Node2 to Node2 with timestamp 630
Thread-2 SENT: Event from Node2 to Node1 with timestamp 525
Thread-2 LOCAL: Event from Node2 to Node2 with timestamp 672
Thread-2 LOCAL: Event from Node2 to Node2 with timestamp 693
Thread-1 SENT: Event from Node2 to Node3 with timestamp 546
Thread-1 LOCAL: Event from Node2 to Node2 with timestamp 735
Thread-1 LOCAL: Event from Node2 to Node2 with timestamp 756
Thread-1 LOCAL: Event from Node2 to Node2 with timestamp 777
Thread-1 LOCAL: Event from Node2 to Node2 with timestamp 798
Thread-1 LOCAL: Event from Node2 to Node2 with timestamp 819
Thread-3 LOCAL: Event from Node2 to Node2 with timestamp 588
Thread-1 SENT: Event from Node2 to Node3 with timestamp 840
Thread-2 SENT: Event from Node2 to Node3 with timestamp 714
Thread-0 SENT: Event from Node2 to Node1 with timestamp 651
Thread-0 LOCAL: Event from Node2 to Node2 with timestamp 924
Thread-1 LOCAL: Event from Node2 to Node2 with timestamp 861
Thread-1 LOCAL: Event from Node2 to Node2 with timestamp 966
Thread-1 LOCAL: Event from Node2 to Node2 with timestamp 987
Thread-1 LOCAL: Event from Node2 to Node2 with timestamp 1008
Thread-1 LOCAL: Event from Node2 to Node2 with timestamp 1029
Thread-1 LOCAL: Event from Node2 to Node2 with timestamp 1050
Thread-3 SENT: Event from Node2 to Node1 with timestamp 882
Thread-3 LOCAL: Event from Node2 to Node2 with timestamp 1071
Thread-2 SENT: Event from Node2 to Node3 with timestamp 903
Thread-0 SENT: Event from Node2 to Node3 with timestamp 945
Thread-3 SENT: Event from Node2 to Node3 with timestamp 1092
Thread-2 SENT: Event from Node2 to Node3 with timestamp 1113
Thread-2 LOCAL: Event from Node2 to Node2 with timestamp 1176
Thread-2 LOCAL: Event from Node2 to Node2 with timestamp 1197
Thread-0 LOCAL: Event from Node2 to Node2 with timestamp 1134
Thread-2 LOCAL: Event from Node2 to Node2 with timestamp 1218
Thread-3 SENT: Event from Node2 to Node1 with timestamp 1155
Thread-3 LOCAL: Event from Node2 to Node2 with timestamp 1281
Thread-3 LOCAL: Event from Node2 to Node2 with timestamp 1302
Thread-3 LOCAL: Event from Node2 to Node2 with timestamp 1323
Thread-3 LOCAL: Event from Node2 to Node2 with timestamp 1344
Thread-3 LOCAL: Event from Node2 to Node2 with timestamp 1365
Thread-3 LOCAL: Event from Node2 to Node2 with timestamp 1386
Thread-3 LOCAL: Event from Node2 to Node2 with timestamp 1407
Thread-0 LOCAL: Event from Node2 to Node2 with timestamp 1239
Thread-3 LOCAL: Event from Node2 to Node2 with timestamp 1449
Thread-3 LOCAL: Event from Node2 to Node2 with timestamp 1470
Thread-0 SENT: Event from Node2 to Node1 with timestamp 1428
Thread-0 LOCAL: Event from Node2 to Node2 with timestamp 1491
Thread-2 SENT: Event from Node2 to Node1 with timestamp 1260
Thread-2 LOCAL: Event from Node2 to Node2 with timestamp 1533
Thread-2 LOCAL: Event from Node2 to Node2 with timestamp 1554
Thread-2 LOCAL: Event from Node2 to Node2 with timestamp 1575
Thread-2 LOCAL: Event from Node2 to Node2 with timestamp 1596
Thread-2 LOCAL: Event from Node2 to Node2 with timestamp 1617
Thread-2 LOCAL: Event from Node2 to Node2 with timestamp 1638
Thread-2 SENT: Event from Node2 to Node3 with timestamp 1659
Thread-0 SENT: Event from Node2 to Node1 with timestamp 1512
Thread-0 SENT: Event from Node2 to Node3 with timestamp 1680

=== Node Node2 Statistics ===
Total events processed: 80
Messages sent: 22
Messages received: 0
Execution time = 2045 ms
Final Lamport time: 1680
Throughput: 39.12 events/sec

Events sent to remote nodes:
  Node1: 8
  Node3: 14

Total local events generated: 80
Total remote send percent configured: 30%
Actual send percentage: 27.50%
