Loaded 2 remote nodes
Node Node3 initialized on IP 127.0.0.3
Configuration: threads = 4, eventsPerThread = 20, remoteSendPercent = 30%
Failed to start server: Address already in use
Starting 4 worker threads with 20 events each
Thread-2 LOCAL: Event from Node3 to Node3 with timestamp 66
Thread-1 LOCAL: Event from Node3 to Node3 with timestamp 44
Thread-0 SENT: Event from Node3 to Node2 with timestamp 22
Thread-1 LOCAL: Event from Node3 to Node3 with timestamp 132
Thread-3 LOCAL: Event from Node3 to Node3 with timestamp 88
Thread-0 LOCAL: Event from Node3 to Node3 with timestamp 154
Thread-2 LOCAL: Event from Node3 to Node3 with timestamp 110
Thread-0 LOCAL: Event from Node3 to Node3 with timestamp 220
Thread-2 LOCAL: Event from Node3 to Node3 with timestamp 242
Thread-0 LOCAL: Event from Node3 to Node3 with timestamp 264
Thread-2 LOCAL: Event from Node3 to Node3 with timestamp 286
Thread-2 LOCAL: Event from Node3 to Node3 with timestamp 330
Thread-1 SENT: Event from Node3 to Node2 with timestamp 176
Thread-2 LOCAL: Event from Node3 to Node3 with timestamp 352
Thread-1 LOCAL: Event from Node3 to Node3 with timestamp 374
Thread-3 SENT: Event from Node3 to Node2 with timestamp 198
Thread-2 LOCAL: Event from Node3 to Node3 with timestamp 396
Thread-1 LOCAL: Event from Node3 to Node3 with timestamp 418
Thread-0 SENT: Event from Node3 to Node2 with timestamp 308
Thread-1 LOCAL: Event from Node3 to Node3 with timestamp 484
Thread-1 LOCAL: Event from Node3 to Node3 with timestamp 528
Thread-3 LOCAL: Event from Node3 to Node3 with timestamp 440
Thread-2 SENT: Event from Node3 to Node1 with timestamp 462
Thread-0 SENT: Event from Node3 to Node2 with timestamp 506
Thread-2 LOCAL: Event from Node3 to Node3 with timestamp 594
Thread-0 LOCAL: Event from Node3 to Node3 with timestamp 616
Thread-2 LOCAL: Event from Node3 to Node3 with timestamp 638
Thread-3 SENT: Event from Node3 to Node2 with timestamp 572
Thread-0 LOCAL: Event from Node3 to Node3 with timestamp 660
Thread-3 LOCAL: Event from Node3 to Node3 with timestamp 704
Thread-0 LOCAL: Event from Node3 to Node3 with timestamp 726
Thread-0 LOCAL: Event from Node3 to Node3 with timestamp 770
Thread-3 SENT: Event from Node3 to Node2 with timestamp 748
Thread-0 LOCAL: Event from Node3 to Node3 with timestamp 792
Thread-3 LOCAL: Event from Node3 to Node3 with timestamp 814
Thread-3 LOCAL: Event from Node3 to Node3 with timestamp 858
Thread-2 SENT: Event from Node3 to Node1 with timestamp 682
Thread-1 SENT: Event from Node3 to Node1 with timestamp 550
Thread-2 LOCAL: Event from Node3 to Node3 with timestamp 902
Thread-0 LOCAL: Event from Node3 to Node3 with timestamp 836
Thread-2 SENT: Event from Node3 to Node1 with timestamp 924
Thread-3 SENT: Event from Node3 to Node2 with timestamp 880
Thread-3 LOCAL: Event from Node3 to Node3 with timestamp 1012
Thread-0 LOCAL: Event from Node3 to Node3 with timestamp 968
Thread-0 LOCAL: Event from Node3 to Node3 with timestamp 1056
Thread-0 LOCAL: Event from Node3 to Node3 with timestamp 1078
Thread-1 SENT: Event from Node3 to Node2 with timestamp 946
Thread-3 LOCAL: Event from Node3 to Node3 with timestamp 1034
Thread-0 LOCAL: Event from Node3 to Node3 with timestamp 1100
Thread-1 LOCAL: Event from Node3 to Node3 with timestamp 1122
Thread-0 LOCAL: Event from Node3 to Node3 with timestamp 1188
Thread-2 SENT: Event from Node3 to Node2 with timestamp 990
Thread-2 LOCAL: Event from Node3 to Node3 with timestamp 1232
Thread-2 LOCAL: Event from Node3 to Node3 with timestamp 1254
Thread-2 LOCAL: Event from Node3 to Node3 with timestamp 1276
Thread-2 LOCAL: Event from Node3 to Node3 with timestamp 1298
Thread-3 SENT: Event from Node3 to Node2 with timestamp 1144
Thread-3 LOCAL: Event from Node3 to Node3 with timestamp 1342
Thread-3 LOCAL: Event from Node3 to Node3 with timestamp 1364
Thread-3 LOCAL: Event from Node3 to Node3 with timestamp 1386
Thread-3 LOCAL: Event from Node3 to Node3 with timestamp 1408
Thread-3 LOCAL: Event from Node3 to Node3 with timestamp 1430
Thread-3 LOCAL: Event from Node3 to Node3 with timestamp 1452
Thread-3 LOCAL: Event from Node3 to Node3 with timestamp 1474
Thread-1 SENT: Event from Node3 to Node2 with timestamp 1166
Thread-1 LOCAL: Event from Node3 to Node3 with timestamp 1518
Thread-1 LOCAL: Event from Node3 to Node3 with timestamp 1540
Thread-1 LOCAL: Event from Node3 to Node3 with timestamp 1562
Thread-0 SENT: Event from Node3 to Node1 with timestamp 1210
Thread-0 LOCAL: Event from Node3 to Node3 with timestamp 1606
Thread-0 LOCAL: Event from Node3 to Node3 with timestamp 1628
Thread-2 SENT: Event from Node3 to Node1 with timestamp 1320
Thread-2 LOCAL: Event from Node3 to Node3 with timestamp 1650
Thread-3 SENT: Event from Node3 to Node1 with timestamp 1496
Thread-1 SENT: Event from Node3 to Node1 with timestamp 1584
Thread-1 LOCAL: Event from Node3 to Node3 with timestamp 1672
Thread-1 LOCAL: Event from Node3 to Node3 with timestamp 1694
Thread-1 LOCAL: Event from Node3 to Node3 with timestamp 1716
Thread-1 SENT: Event from Node3 to Node2 with timestamp 1738
Thread-1 SENT: Event from Node3 to Node2 with timestamp 1760

=== Node Node3 Statistics ===
Total events processed: 80
Messages sent: 22
Messages received: 0
Execution time = 2044 ms
Final Lamport time: 1760
Throughput: 39.14 events/sec

Events sent to remote nodes:
  Node1: 8
  Node2: 14

Total local events generated: 80
Total remote send percent configured: 30%
Actual send percentage: 27.50%
